Wed 24 Apr 21:42:15 BST 2024 | vboxuser used flag u
Wed 24 Apr 21:45:43 BST 2024 | vboxuser used flag u
Wed 24 Apr 21:45:58 BST 2024 | vboxuser used flag u
Wed 24 Apr 21:47:56 BST 2024 | vboxuser used flag u
Wed 24 Apr 22:05:40 BST 2024 | vboxuser used flag u
Wed 24 Apr 22:05:40 BST 2024 | User: vboxuser | Error code: 0 | Message: An unknown error has occured.
Wed 24 Apr 22:06:47 BST 2024 | vboxuser used flag u
Wed 24 Apr 22:06:47 BST 2024 | User: vboxuser | Error code: 0 | Message: An unknown error has occured.
Wed 24 Apr 22:07:46 BST 2024 | vboxuser used flag u
Wed 24 Apr 22:07:47 BST 2024 | User: vboxuser | Error code:  | Message: An unknown error has occured.
Wed 24 Apr 22:08:12 BST 2024 | vboxuser used flag u
Wed 24 Apr 22:08:12 BST 2024 | User: vboxuser | Error code: 3 | Message: There was a problem getting your last generated UUID.
Wed 24 Apr 22:11:24 BST 2024 | vboxuser used flag c
Wed 24 Apr 22:12:02 BST 2024 | vboxuser used flag c
Wed 24 Apr 22:16:59 BST 2024 | vboxuser used flag u
Wed 24 Apr 22:17:17 BST 2024 | vboxuser used flag u
Wed 24 Apr 22:49:36 BST 2024 | vboxuser used flag u
Wed 24 Apr 23:21:39 BST 2024 | vboxuser used flag u
Wed 24 Apr 23:22:07 BST 2024 | vboxuser used flag u
Wed 24 Apr 23:22:07 BST 2024 | User: vboxuser | Error code: 0 | Message: An unknown error has occured.
Wed 24 Apr 23:22:45 BST 2024 | vboxuser used flag u
Wed 24 Apr 23:22:45 BST 2024 | User: vboxuser | Error code: 0 | Message: An unknown error has occured.
Wed 24 Apr 23:22:59 BST 2024 | vboxuser used flag u
Wed 24 Apr 23:23:00 BST 2024 | User: vboxuser | Error code: 0 | Message: An unknown error has occured.
Wed 24 Apr 23:23:04 BST 2024 | vboxuser used flag u
Wed 24 Apr 23:23:04 BST 2024 | User: vboxuser | Error code: 0 | Message: An unknown error has occured.
Wed 24 Apr 23:23:39 BST 2024 | vboxuser used flag u
Wed 24 Apr 23:23:39 BST 2024 | User: vboxuser | Error code: 0 | Message: An unknown error has occured.
Wed 24 Apr 23:25:06 BST 2024 | vboxuser used flag u
Wed 24 Apr 23:25:34 BST 2024 | vboxuser used flag u
Wed 24 Apr 23:27:17 BST 2024 | vboxuser used flag u
Wed 24 Apr 23:27:24 BST 2024 | vboxuser used flag u
Wed 24 Apr 23:27:47 BST 2024 | vboxuser used flag u
Wed 24 Apr 23:29:23 BST 2024 | vboxuser used flag c
Wed 24 Apr 23:34:57 BST 2024 | vboxuser used flag c
Wed 24 Apr 23:35:56 BST 2024 | vboxuser used flag c
Wed 24 Apr 23:36:32 BST 2024 | vboxuser used flag c
Wed 24 Apr 23:36:59 BST 2024 | vboxuser used flag c
Wed 24 Apr 23:37:45 BST 2024 | vboxuser used flag c
Wed 24 Apr 23:46:48 BST 2024 | vboxuser used flag c
Wed 24 Apr 23:46:55 BST 2024 | vboxuser used flag u
Wed 24 Apr 23:48:46 BST 2024 | vboxuser used flag u
Wed 24 Apr 23:57:54 BST 2024 | vboxuser used flag u
Wed 24 Apr 23:58:09 BST 2024 | vboxuser used flag u
Wed 24 Apr 23:58:23 BST 2024 | vboxuser used flag u
Wed 24 Apr 23:58:57 BST 2024 | vboxuser used flag u
Thu 25 Apr 00:01:27 BST 2024 | vboxuser used flag u
Thu 25 Apr 00:01:27 BST 2024 | User: vboxuser | Error code: 4 | Message: The program has not recieved the right amount of arguments.
Thu 25 Apr 00:01:39 BST 2024 | vboxuser used flag u
Thu 25 Apr 00:02:01 BST 2024 | vboxuser used flag u
Thu 25 Apr 00:05:49 BST 2024 | vboxuser used flag u
Thu 25 Apr 00:05:49 BST 2024 | User: vboxuser | Error code: 3 | Message: There was a problem getting your last generated UUID.
Thu 25 Apr 00:11:27 BST 2024 | vboxuser used flag u
Thu 25 Apr 00:11:27 BST 2024 | User: vboxuser | Error code: 5 | Message: The UUID generated already exists.
Thu 25 Apr 00:11:27 BST 2024 | User: vboxuser | Error code: 5 | Message: The UUID generated already exists.
Thu 25 Apr 00:11:27 BST 2024 | User: vboxuser | Error code: 5 | Message: The UUID generated already exists.
Thu 25 Apr 00:11:27 BST 2024 | User: vboxuser | Error code: 5 | Message: The UUID generated already exists.
Thu 25 Apr 00:11:27 BST 2024 | User: vboxuser | Error code: 5 | Message: The UUID generated already exists.
Thu 25 Apr 00:11:27 BST 2024 | User: vboxuser | Error code: 5 | Message: The UUID generated already exists.
Thu 25 Apr 00:11:27 BST 2024 | User: vboxuser | Error code: 5 | Message: The UUID generated already exists.
Thu 25 Apr 00:11:28 BST 2024 | User: vboxuser | Error code: 5 | Message: The UUID generated already exists.
Thu 25 Apr 00:11:28 BST 2024 | User: vboxuser | Error code: 5 | Message: The UUID generated already exists.
Thu 25 Apr 00:11:28 BST 2024 | User: vboxuser | Error code: 5 | Message: The UUID generated already exists.
Thu 25 Apr 00:11:28 BST 2024 | User: vboxuser | Error code: 5 | Message: The UUID generated already exists.
Thu 25 Apr 00:11:28 BST 2024 | User: vboxuser | Error code: 5 | Message: The UUID generated already exists.
Thu 25 Apr 00:11:28 BST 2024 | User: vboxuser | Error code: 5 | Message: The UUID generated already exists.
Thu 25 Apr 00:11:28 BST 2024 | User: vboxuser | Error code: 5 | Message: The UUID generated already exists.
Thu 25 Apr 00:11:28 BST 2024 | User: vboxuser | Error code: 5 | Message: The UUID generated already exists.
Thu 25 Apr 00:13:06 BST 2024 | vboxuser used flag u
Thu 25 Apr 00:13:06 BST 2024 | User: vboxuser | Error code: 5 | Message: The UUID generated already exists.
Thu 25 Apr 00:13:06 BST 2024 | User: vboxuser | Error code: 5 | Message: The UUID generated already exists.
Thu 25 Apr 00:13:06 BST 2024 | User: vboxuser | Error code: 5 | Message: The UUID generated already exists.
Thu 25 Apr 00:13:06 BST 2024 | User: vboxuser | Error code: 5 | Message: The UUID generated already exists.
Thu 25 Apr 00:13:06 BST 2024 | User: vboxuser | Error code: 5 | Message: The UUID generated already exists.
Thu 25 Apr 00:13:06 BST 2024 | User: vboxuser | Error code: 5 | Message: The UUID generated already exists.
Thu 25 Apr 00:13:06 BST 2024 | User: vboxuser | Error code: 5 | Message: The UUID generated already exists.
Thu 25 Apr 00:13:06 BST 2024 | User: vboxuser | Error code: 5 | Message: The UUID generated already exists.
Thu 25 Apr 00:13:06 BST 2024 | User: vboxuser | Error code: 5 | Message: The UUID generated already exists.
Thu 25 Apr 00:13:06 BST 2024 | User: vboxuser | Error code: 5 | Message: The UUID generated already exists.
Thu 25 Apr 00:13:06 BST 2024 | User: vboxuser | Error code: 5 | Message: The UUID generated already exists.
Thu 25 Apr 00:13:06 BST 2024 | User: vboxuser | Error code: 5 | Message: The UUID generated already exists.
Thu 25 Apr 00:13:06 BST 2024 | User: vboxuser | Error code: 5 | Message: The UUID generated already exists.
Thu 25 Apr 00:13:06 BST 2024 | User: vboxuser | Error code: 5 | Message: The UUID generated already exists.
Thu 25 Apr 00:13:06 BST 2024 | User: vboxuser | Error code: 5 | Message: The UUID generated already exists.
Thu 25 Apr 00:13:06 BST 2024 | User: vboxuser | Error code: 5 | Message: The UUID generated already exists.
Thu 25 Apr 00:13:06 BST 2024 | User: vboxuser | Error code: 5 | Message: The UUID generated already exists.
Thu 25 Apr 00:13:06 BST 2024 | User: vboxuser | Error code: 5 | Message: The UUID generated already exists.
Thu 25 Apr 00:13:06 BST 2024 | User: vboxuser | Error code: 5 | Message: The UUID generated already exists.
Thu 25 Apr 00:13:06 BST 2024 | User: vboxuser | Error code: 5 | Message: The UUID generated already exists.
Thu 25 Apr 00:13:06 BST 2024 | User: vboxuser | Error code: 5 | Message: The UUID generated already exists.
Thu 25 Apr 00:13:07 BST 2024 | User: vboxuser | Error code: 5 | Message: The UUID generated already exists.
Thu 25 Apr 00:13:07 BST 2024 | User: vboxuser | Error code: 5 | Message: The UUID generated already exists.
Thu 25 Apr 00:13:07 BST 2024 | User: vboxuser | Error code: 5 | Message: The UUID generated already exists.
Thu 25 Apr 00:13:07 BST 2024 | User: vboxuser | Error code: 5 | Message: The UUID generated already exists.
Thu 25 Apr 00:13:07 BST 2024 | User: vboxuser | Error code: 5 | Message: The UUID generated already exists.
Thu 25 Apr 00:13:07 BST 2024 | User: vboxuser | Error code: 5 | Message: The UUID generated already exists.
Thu 25 Apr 00:13:07 BST 2024 | User: vboxuser | Error code: 5 | Message: The UUID generated already exists.
Thu 25 Apr 00:13:14 BST 2024 | vboxuser used flag u
Thu 25 Apr 00:13:14 BST 2024 | User: vboxuser | Error code: 5 | Message: The UUID generated already exists.
Thu 25 Apr 00:13:14 BST 2024 | User: vboxuser | Error code: 5 | Message: The UUID generated already exists.
Thu 25 Apr 00:13:14 BST 2024 | User: vboxuser | Error code: 5 | Message: The UUID generated already exists.
Thu 25 Apr 00:13:14 BST 2024 | User: vboxuser | Error code: 5 | Message: The UUID generated already exists.
Thu 25 Apr 00:13:14 BST 2024 | User: vboxuser | Error code: 5 | Message: The UUID generated already exists.
Thu 25 Apr 00:13:14 BST 2024 | User: vboxuser | Error code: 5 | Message: The UUID generated already exists.
Thu 25 Apr 00:13:14 BST 2024 | User: vboxuser | Error code: 5 | Message: The UUID generated already exists.
Thu 25 Apr 00:13:14 BST 2024 | User: vboxuser | Error code: 5 | Message: The UUID generated already exists.
Thu 25 Apr 00:13:14 BST 2024 | User: vboxuser | Error code: 5 | Message: The UUID generated already exists.
Thu 25 Apr 00:13:14 BST 2024 | User: vboxuser | Error code: 5 | Message: The UUID generated already exists.
Thu 25 Apr 00:13:14 BST 2024 | User: vboxuser | Error code: 5 | Message: The UUID generated already exists.
Thu 25 Apr 00:13:14 BST 2024 | User: vboxuser | Error code: 5 | Message: The UUID generated already exists.
Thu 25 Apr 00:13:14 BST 2024 | User: vboxuser | Error code: 5 | Message: The UUID generated already exists.
Thu 25 Apr 00:13:14 BST 2024 | User: vboxuser | Error code: 5 | Message: The UUID generated already exists.
Thu 25 Apr 00:13:37 BST 2024 | vboxuser used flag u
Thu 25 Apr 00:13:38 BST 2024 | User: vboxuser | Error code: 5 | Message: The UUID generated already exists.
Thu 25 Apr 00:13:38 BST 2024 | User: vboxuser | Error code: 5 | Message: The UUID generated already exists.
Thu 25 Apr 00:13:38 BST 2024 | User: vboxuser | Error code: 5 | Message: The UUID generated already exists.
Thu 25 Apr 00:13:38 BST 2024 | User: vboxuser | Error code: 5 | Message: The UUID generated already exists.
Thu 25 Apr 00:13:38 BST 2024 | User: vboxuser | Error code: 5 | Message: The UUID generated already exists.
Thu 25 Apr 00:13:38 BST 2024 | User: vboxuser | Error code: 5 | Message: The UUID generated already exists.
Thu 25 Apr 00:13:38 BST 2024 | User: vboxuser | Error code: 5 | Message: The UUID generated already exists.
Thu 25 Apr 00:13:38 BST 2024 | User: vboxuser | Error code: 5 | Message: The UUID generated already exists.
Thu 25 Apr 00:13:38 BST 2024 | User: vboxuser | Error code: 5 | Message: The UUID generated already exists.
Thu 25 Apr 00:13:38 BST 2024 | User: vboxuser | Error code: 5 | Message: The UUID generated already exists.
Thu 25 Apr 00:13:38 BST 2024 | User: vboxuser | Error code: 5 | Message: The UUID generated already exists.
Thu 25 Apr 00:13:38 BST 2024 | User: vboxuser | Error code: 5 | Message: The UUID generated already exists.
Thu 25 Apr 00:13:38 BST 2024 | User: vboxuser | Error code: 5 | Message: The UUID generated already exists.
Thu 25 Apr 00:13:38 BST 2024 | User: vboxuser | Error code: 5 | Message: The UUID generated already exists.
Thu 25 Apr 00:13:38 BST 2024 | User: vboxuser | Error code: 5 | Message: The UUID generated already exists.
Thu 25 Apr 00:13:38 BST 2024 | User: vboxuser | Error code: 5 | Message: The UUID generated already exists.
Thu 25 Apr 00:13:38 BST 2024 | User: vboxuser | Error code: 5 | Message: The UUID generated already exists.
Thu 25 Apr 00:13:38 BST 2024 | User: vboxuser | Error code: 5 | Message: The UUID generated already exists.
Thu 25 Apr 00:13:38 BST 2024 | User: vboxuser | Error code: 5 | Message: The UUID generated already exists.
Thu 25 Apr 00:15:08 BST 2024 | vboxuser used flag c
Thu 25 Apr 11:20:33 BST 2024 | vboxuser used flag c
Thu 25 Apr 11:20:41 BST 2024 | vboxuser used flag c
Thu 25 Apr 11:21:01 BST 2024 | vboxuser used flag c
